2023-08-23 01:02:45,578 [INFO] WebApp:330 - JxBrowser engine has been closed 
2023-08-22 20:44:21,922 [INFO] Activator:176 - 


2023-08-22 20:44:21,926 [INFO] Activator:177 - !SESSION log4j initialized
2023-08-22 20:44:31,036 [INFO] LogOutputStream:77 - [STDOUT_REDIRECT] 
2023-08-22 20:44:38,515 [INFO] ApplicationProperties:184 - Using Application install path: C:\ST\STM32CubeIDE_1.13.1\STM32CubeIDE\plugins\com.st.stm32cube.common.mx_6.9.1.202307191849
2023-08-22 20:44:38,549 [INFO] DbMcusXml:78 - Set database path to: C:\ST\STM32CubeIDE_1.13.1\STM32CubeIDE\plugins\com.st.stm32cube.common.mx_6.9.1.202307191849\\db\/mcu/
2023-08-22 20:44:38,550 [INFO] ApiDb:274 - Set plugin database path to: C:\ST\STM32CubeIDE_1.13.1\STM32CubeIDE\plugins\com.st.stm32cube.common.mx_6.9.1.202307191849\\db\/plugins/boardmanager/
2023-08-22 20:44:38,551 [WARN] ApiDb:259 - Overriding images path with different value:  => C:\ST\STM32CubeIDE_1.13.1\STM32CubeIDE\plugins\com.st.stm32cube.common.mx_6.9.1.202307191849\\db\/plugins/mcufinder/images/
2023-08-22 20:44:38,571 [INFO] ApiDb:250 - Set database path to: C:\Users\cmira\.stmcufinder\plugins\mcufinder//mcu/
2023-08-22 20:44:38,573 [INFO] DbMcusAds:125 - Set database path to: C:\Users\cmira\.stmcufinder\plugins\mcufinder//mcu/
2023-08-22 20:44:38,575 [INFO] CrossReferenceDbSqlite:203 - Set database path to: C:\Users\cmira\.stmcufinder\plugins\mcufinder//mcu/cs/
2023-08-22 20:44:38,780 [INFO] RulesReader:64 - Compatibility file has been processed (293 Rules)
2023-08-22 20:44:38,942 [INFO] DbMcusXml:78 - Set database path to: C:\ST\STM32CubeIDE_1.13.1\STM32CubeIDE\plugins\com.st.stm32cube.common.mx_6.9.1.202307191849\\db\/mcu/
2023-08-22 20:44:38,942 [INFO] ApiDb:274 - Set plugin database path to: C:\ST\STM32CubeIDE_1.13.1\STM32CubeIDE\plugins\com.st.stm32cube.common.mx_6.9.1.202307191849\\db\/plugins/boardmanager/
2023-08-22 20:44:38,943 [INFO] ApiDb:261 - Set plugin images path to: C:\ST\STM32CubeIDE_1.13.1\STM32CubeIDE\plugins\com.st.stm32cube.common.mx_6.9.1.202307191849\\db\/plugins/mcufinder/images/
2023-08-22 20:44:38,943 [WARN] DbFile:41 - Overriding database path with different value: C:\Users\cmira\.stmcufinder\plugins\mcufinder/ => C:\Users\cmira\.stmcufinder\plugins\mcufinder
2023-08-22 20:44:38,943 [INFO] ApiDb:250 - Set database path to: C:\Users\cmira\.stmcufinder\plugins\mcufinder//mcu/
2023-08-22 20:44:38,943 [WARN] DbFile:41 - Overriding database path with different value: C:\Users\cmira\.stmcufinder\plugins\mcufinder/ => C:\Users\cmira\.stmcufinder\plugins\mcufinder
2023-08-22 20:44:38,943 [INFO] DbMcusAds:125 - Set database path to: C:\Users\cmira\.stmcufinder\plugins\mcufinder//mcu/
2023-08-22 20:44:38,943 [WARN] DbFile:41 - Overriding database path with different value: C:\Users\cmira\.stmcufinder\plugins\mcufinder/ => C:\Users\cmira\.stmcufinder\plugins\mcufinder
2023-08-22 20:44:38,943 [WARN] DbFile:41 - Overriding database path with different value: C:\Users\cmira\.stmcufinder\plugins\mcufinder/ => C:\Users\cmira\.stmcufinder\plugins\mcufinder
2023-08-22 20:44:38,944 [INFO] CrossReferenceDbSqlite:203 - Set database path to: C:\Users\cmira\.stmcufinder\plugins\mcufinder//mcu/cs/
2023-08-22 20:44:39,128 [INFO] MainPanel:262 - HeapMemory: 268435456
2023-08-22 20:44:39,322 [INFO] DbMcusXml:78 - Set database path to: C:\ST\STM32CubeIDE_1.13.1\STM32CubeIDE\plugins\com.st.stm32cube.common.mx_6.9.1.202307191849\\db\/mcu/
2023-08-22 20:44:39,322 [INFO] ApiDb:274 - Set plugin database path to: C:\ST\STM32CubeIDE_1.13.1\STM32CubeIDE\plugins\com.st.stm32cube.common.mx_6.9.1.202307191849\\db\/plugins/boardmanager/
2023-08-22 20:44:39,322 [INFO] ApiDb:261 - Set plugin images path to: C:\ST\STM32CubeIDE_1.13.1\STM32CubeIDE\plugins\com.st.stm32cube.common.mx_6.9.1.202307191849\\db\/plugins/mcufinder/images/
2023-08-22 20:44:39,323 [WARN] DbFile:41 - Overriding database path with different value: C:\Users\cmira\.stmcufinder\plugins\mcufinder/ => C:\Users\cmira\.stmcufinder\plugins\mcufinder
2023-08-22 20:44:39,323 [INFO] ApiDb:250 - Set database path to: C:\Users\cmira\.stmcufinder\plugins\mcufinder//mcu/
2023-08-22 20:44:39,323 [WARN] DbFile:41 - Overriding database path with different value: C:\Users\cmira\.stmcufinder\plugins\mcufinder/ => C:\Users\cmira\.stmcufinder\plugins\mcufinder
2023-08-22 20:44:39,323 [INFO] DbMcusAds:125 - Set database path to: C:\Users\cmira\.stmcufinder\plugins\mcufinder//mcu/
2023-08-22 20:44:39,323 [WARN] DbFile:41 - Overriding database path with different value: C:\Users\cmira\.stmcufinder\plugins\mcufinder/ => C:\Users\cmira\.stmcufinder\plugins\mcufinder
2023-08-22 20:44:39,324 [WARN] DbFile:41 - Overriding database path with different value: C:\Users\cmira\.stmcufinder\plugins\mcufinder/ => C:\Users\cmira\.stmcufinder\plugins\mcufinder
2023-08-22 20:44:39,324 [INFO] CrossReferenceDbSqlite:203 - Set database path to: C:\Users\cmira\.stmcufinder\plugins\mcufinder//mcu/cs/
2023-08-22 20:44:39,366 [INFO] ApplicationProperties:184 - Using Application install path: C:\ST\STM32CubeIDE_1.13.1\STM32CubeIDE\plugins\com.st.stm32cube.common.mx_6.9.1.202307191849
2023-08-22 20:44:39,371 [INFO] PluginManage:196 - Search for loadable plugins [exclusion list=, ]
2023-08-22 20:44:39,376 [INFO] PluginManage:310 - Check plugin analytics
2023-08-22 20:44:39,718 [INFO] AnalyticsPlugin:253 - Accepted Software Licenses: 
2023-08-22 20:44:39,721 [INFO] AnalyticsPlugin:255 - Accepted CMSIS Pack Licenses: 
2023-08-22 20:44:39,721 [INFO] AnalyticsPlugin:257 - Accepted Firmware Licenses: 
2023-08-22 20:44:39,725 [INFO] PluginManage:359 - Loaded plugin analytics (category:tool,tabindex:-1)
2023-08-22 20:44:39,726 [INFO] PluginManage:310 - Check plugin cadmodel
2023-08-22 20:44:39,760 [INFO] CADModel:105 - Init CAD model plugin
2023-08-22 20:44:39,760 [INFO] PluginManage:359 - Loaded plugin cadmodel (category:power,tabindex:5)
2023-08-22 20:44:39,760 [INFO] PluginManage:310 - Check plugin clock
2023-08-22 20:44:39,806 [INFO] PluginManage:359 - Loaded plugin clock (category:base,tabindex:2)
2023-08-22 20:44:39,806 [INFO] PluginManage:310 - Check plugin ddr
2023-08-22 20:44:39,812 [INFO] PluginManage:359 - Loaded plugin ddr (category:tool,tabindex:6)
2023-08-22 20:44:39,812 [INFO] PluginManage:310 - Check plugin filemanager
2023-08-22 20:44:40,100 [INFO] PluginManage:359 - Loaded plugin filemanager (category:base,tabindex:10)
2023-08-22 20:44:40,101 [INFO] PluginManage:310 - Check plugin ipmanager
2023-08-22 20:44:40,118 [INFO] PluginManage:359 - Loaded plugin ipmanager (category:base,tabindex:5)
2023-08-22 20:44:40,118 [INFO] PluginManage:310 - Check plugin lpbam
2023-08-22 20:44:40,170 [INFO] PluginManage:359 - Loaded plugin lpbam (category:base,tabindex:0)
2023-08-22 20:44:40,170 [INFO] PluginManage:310 - Check plugin memorymap
2023-08-22 20:44:40,216 [INFO] PluginManage:359 - Loaded plugin memorymap (category:base,tabindex:4)
2023-08-22 20:44:40,216 [INFO] PluginManage:310 - Check plugin pinoutandconfiguration
2023-08-22 20:44:40,262 [INFO] PluginManage:359 - Loaded plugin pinoutandconfiguration (category:base,tabindex:1)
2023-08-22 20:44:40,262 [INFO] PluginManage:310 - Check plugin pinoutconfig
2023-08-22 20:44:40,481 [WARN] SupportedApi:132 - Cannot load RTOS API schema: s4s-elt-must-match.1: The content of 'definitions' must match (annotation?, (simpleType | complexType)?, (unique | key | keyref)*)). A problem was found starting at: attribute.
2023-08-22 20:44:40,810 [INFO] PluginManage:359 - Loaded plugin pinoutconfig (category:base,tabindex:0)
2023-08-22 20:44:40,811 [INFO] PluginManage:310 - Check plugin power
2023-08-22 20:44:40,844 [INFO] PluginManage:359 - Loaded plugin power (category:power,tabindex:4)
2023-08-22 20:44:40,844 [INFO] PluginManage:310 - Check plugin projectmanager
2023-08-22 20:44:40,868 [INFO] PluginManage:359 - Loaded plugin projectmanager (category:projectmanager,tabindex:3)
2023-08-22 20:44:40,869 [INFO] PluginManage:310 - Check plugin thirdparty
2023-08-22 20:44:41,393 [WARN] IntegrityCheckThread:84 - waiting for thirdparty lock release [integrity check]
2023-08-22 20:44:41,393 [INFO] PluginManage:359 - Loaded plugin thirdparty (category:base,tabindex:-1)
2023-08-22 20:44:41,393 [INFO] IntegrityCheckThread:86 - entering critical section [integrity check]
2023-08-22 20:44:41,394 [INFO] PluginManage:310 - Check plugin tools
2023-08-22 20:44:41,394 [INFO] ThirdPartyUpdaterWithRetryManager:70 - Updater plugin not ready yet. [1/15]
2023-08-22 20:44:41,459 [INFO] PluginManage:359 - Loaded plugin tools (category:base,tabindex:7)
2023-08-22 20:44:41,459 [INFO] PluginManage:310 - Check plugin tutovideos
2023-08-22 20:44:41,830 [INFO] PluginManage:359 - Loaded plugin tutovideos (category:base,tabindex:-1)
2023-08-22 20:44:41,830 [INFO] PluginManage:310 - Check plugin updater
2023-08-22 20:44:41,847 [INFO] PluginManage:359 - Loaded plugin updater (category:base,tabindex:12)
2023-08-22 20:44:41,849 [INFO] PluginManage:310 - Check plugin userauth
2023-08-22 20:44:41,860 [INFO] UserAuth:113 - Init User Auth plugin
2023-08-22 20:44:41,861 [INFO] PluginManage:359 - Loaded plugin userauth (category:base,tabindex:14)
2023-08-22 20:44:41,864 [INFO] PluginManage:283 - PluginManage : Loaded plugins [17]
2023-08-22 20:44:42,274 [INFO] PinOutPanel:1499 - setPackage(No Configuration,No Configuration)
2023-08-22 20:44:42,454 [INFO] CADModel:165 - CPN selected for project level
2023-08-22 20:44:42,455 [INFO] CADModel:114 - Register for checkConnection events
2023-08-22 20:44:42,497 [INFO] IPUIPlugin:80 - create IPUIPlugin
2023-08-22 20:44:42,497 [INFO] PluginManager:220 - loadIPPluginJar : add adc
2023-08-22 20:44:42,549 [INFO] IPUIPlugin:80 - create IPUIPlugin
2023-08-22 20:44:42,550 [INFO] PluginManager:220 - loadIPPluginJar : add aes
2023-08-22 20:44:42,600 [INFO] IPUIPlugin:80 - create IPUIPlugin
2023-08-22 20:44:42,600 [INFO] PluginManager:220 - loadIPPluginJar : add can
2023-08-22 20:44:42,636 [INFO] IPUIPlugin:80 - create IPUIPlugin
2023-08-22 20:44:42,637 [INFO] PluginManager:220 - loadIPPluginJar : add comp
2023-08-22 20:44:42,689 [INFO] IPUIPlugin:80 - create IPUIPlugin
2023-08-22 20:44:42,689 [INFO] PluginManager:220 - loadIPPluginJar : add cryp
2023-08-22 20:44:42,734 [INFO] IPUIPlugin:80 - create IPUIPlugin
2023-08-22 20:44:42,734 [INFO] PluginManager:220 - loadIPPluginJar : add dfsdm
2023-08-22 20:44:42,754 [INFO] IPUIPlugin:80 - create IPUIPlugin
2023-08-22 20:44:42,755 [INFO] PluginManager:220 - loadIPPluginJar : add dma
2023-08-22 20:44:42,817 [INFO] IPUIPlugin:80 - create IPUIPlugin
2023-08-22 20:44:42,817 [INFO] PluginManager:220 - loadIPPluginJar : add dma3
2023-08-22 20:44:42,847 [INFO] IPUIPlugin:80 - create IPUIPlugin
2023-08-22 20:44:42,847 [INFO] PluginManager:220 - loadIPPluginJar : add fatfs
2023-08-22 20:44:42,911 [INFO] IPUIPlugin:80 - create IPUIPlugin
2023-08-22 20:44:42,911 [INFO] PluginManager:220 - loadIPPluginJar : add fmc
2023-08-22 20:44:42,934 [INFO] IPUIPlugin:80 - create IPUIPlugin
2023-08-22 20:44:42,934 [INFO] PluginManager:220 - loadIPPluginJar : add freertos
2023-08-22 20:44:42,960 [INFO] IPUIPlugin:80 - create IPUIPlugin
2023-08-22 20:44:42,960 [INFO] PluginManager:220 - loadIPPluginJar : add genericplugin
2023-08-22 20:44:43,097 [INFO] IPUIPlugin:80 - create IPUIPlugin
2023-08-22 20:44:43,097 [INFO] PluginManager:220 - loadIPPluginJar : add gfxmmu
2023-08-22 20:44:43,292 [INFO] IPUIPlugin:80 - create IPUIPlugin
2023-08-22 20:44:43,293 [INFO] PluginManager:220 - loadIPPluginJar : add gic
2023-08-22 20:44:43,320 [INFO] IPUIPlugin:80 - create IPUIPlugin
2023-08-22 20:44:43,320 [INFO] PluginManager:220 - loadIPPluginJar : add gpio
2023-08-22 20:44:43,447 [INFO] IPUIPlugin:80 - create IPUIPlugin
2023-08-22 20:44:43,447 [INFO] PluginManager:220 - loadIPPluginJar : add gtzc
2023-08-22 20:44:43,509 [INFO] IPUIPlugin:80 - create IPUIPlugin
2023-08-22 20:44:43,509 [INFO] PluginManager:220 - loadIPPluginJar : add hash
2023-08-22 20:44:43,588 [INFO] IPUIPlugin:80 - create IPUIPlugin
2023-08-22 20:44:43,588 [INFO] PluginManager:220 - loadIPPluginJar : add i2c
2023-08-22 20:44:43,646 [INFO] IPUIPlugin:80 - create IPUIPlugin
2023-08-22 20:44:43,647 [INFO] PluginManager:220 - loadIPPluginJar : add i2s
2023-08-22 20:44:43,706 [INFO] IPUIPlugin:80 - create IPUIPlugin
2023-08-22 20:44:43,706 [INFO] PluginManager:220 - loadIPPluginJar : add i3c
2023-08-22 20:44:43,854 [INFO] IPUIPlugin:80 - create IPUIPlugin
2023-08-22 20:44:43,855 [INFO] PluginManager:220 - loadIPPluginJar : add ipddr
2023-08-22 20:44:44,000 [INFO] IPUIPlugin:80 - create IPUIPlugin
2023-08-22 20:44:44,000 [INFO] PluginManager:220 - loadIPPluginJar : add linkedlist
2023-08-22 20:44:44,052 [INFO] IPUIPlugin:80 - create IPUIPlugin
2023-08-22 20:44:44,054 [INFO] PluginManager:220 - loadIPPluginJar : add lorawan
2023-08-22 20:44:44,111 [INFO] IPUIPlugin:80 - create IPUIPlugin
2023-08-22 20:44:44,111 [INFO] PluginManager:220 - loadIPPluginJar : add ltdc
2023-08-22 20:44:44,133 [INFO] IPUIPlugin:80 - create IPUIPlugin
2023-08-22 20:44:44,133 [INFO] PluginManager:220 - loadIPPluginJar : add mdma
2023-08-22 20:44:44,154 [INFO] IPUIPlugin:80 - create IPUIPlugin
2023-08-22 20:44:44,154 [INFO] PluginManager:220 - loadIPPluginJar : add nvic
2023-08-22 20:44:44,208 [INFO] IPUIPlugin:80 - create IPUIPlugin
2023-08-22 20:44:44,208 [INFO] PluginManager:220 - loadIPPluginJar : add opamp
2023-08-22 20:44:44,296 [INFO] IPUIPlugin:80 - create IPUIPlugin
2023-08-22 20:44:44,296 [INFO] PluginManager:220 - loadIPPluginJar : add openamp
2023-08-22 20:44:44,353 [INFO] IPUIPlugin:80 - create IPUIPlugin
2023-08-22 20:44:44,353 [INFO] PluginManager:220 - loadIPPluginJar : add pdm2pcm
2023-08-22 20:44:44,373 [INFO] IPUIPlugin:80 - create IPUIPlugin
2023-08-22 20:44:44,375 [INFO] PluginManager:220 - loadIPPluginJar : add plateformsettings
2023-08-22 20:44:44,396 [INFO] ThirdPartyUpdaterWithRetryManager:70 - Updater plugin not ready yet. [2/15]
2023-08-22 20:44:44,415 [INFO] IPUIPlugin:80 - create IPUIPlugin
2023-08-22 20:44:44,415 [INFO] PluginManager:220 - loadIPPluginJar : add quadspi
2023-08-22 20:44:44,432 [INFO] IPUIPlugin:80 - create IPUIPlugin
2023-08-22 20:44:44,432 [INFO] PluginManager:220 - loadIPPluginJar : add resmgrutility
2023-08-22 20:44:44,493 [INFO] IPUIPlugin:80 - create IPUIPlugin
2023-08-22 20:44:44,493 [INFO] PluginManager:220 - loadIPPluginJar : add sai
2023-08-22 20:44:44,551 [INFO] IPUIPlugin:80 - create IPUIPlugin
2023-08-22 20:44:44,551 [INFO] PluginManager:220 - loadIPPluginJar : add spi
2023-08-22 20:44:44,628 [INFO] IPUIPlugin:80 - create IPUIPlugin
2023-08-22 20:44:44,629 [INFO] PluginManager:220 - loadIPPluginJar : add stm32_wpan
2023-08-22 20:44:44,667 [INFO] IPUIPlugin:80 - create IPUIPlugin
2023-08-22 20:44:44,667 [INFO] PluginManager:220 - loadIPPluginJar : add tim
2023-08-22 20:44:44,748 [INFO] IPUIPlugin:80 - create IPUIPlugin
2023-08-22 20:44:44,748 [INFO] PluginManager:220 - loadIPPluginJar : add touchsensing
2023-08-22 20:44:44,783 [INFO] IPUIPlugin:80 - create IPUIPlugin
2023-08-22 20:44:44,784 [INFO] PluginManager:220 - loadIPPluginJar : add tracer_emb
2023-08-22 20:44:44,819 [INFO] IPUIPlugin:80 - create IPUIPlugin
2023-08-22 20:44:44,819 [INFO] PluginManager:220 - loadIPPluginJar : add ts
2023-08-22 20:44:44,855 [INFO] IPUIPlugin:80 - create IPUIPlugin
2023-08-22 20:44:44,856 [INFO] PluginManager:220 - loadIPPluginJar : add tsc
2023-08-22 20:44:44,886 [INFO] IPUIPlugin:80 - create IPUIPlugin
2023-08-22 20:44:44,887 [INFO] PluginManager:220 - loadIPPluginJar : add ucpd
2023-08-22 20:44:44,956 [INFO] IPUIPlugin:80 - create IPUIPlugin
2023-08-22 20:44:44,956 [INFO] PluginManager:220 - loadIPPluginJar : add usart
2023-08-22 20:44:45,017 [INFO] IPUIPlugin:80 - create IPUIPlugin
2023-08-22 20:44:45,017 [INFO] PluginManager:220 - loadIPPluginJar : add usbx
2023-08-22 20:44:45,157 [INFO] CADModel:165 - CPN selected for project level
2023-08-22 20:44:45,157 [INFO] CADModel:114 - Register for checkConnection events
2023-08-22 20:44:45,158 [FATAL] Updater:308 - Updater called before beeing initialized
2023-08-22 20:44:45,158 [ERROR] CADModel:125 - Updater not yet initialized, retry later 
2023-08-22 20:44:45,361 [INFO] CADModel:165 - CPN selected for project level
2023-08-22 20:44:45,361 [INFO] CADModel:114 - Register for checkConnection events
2023-08-22 20:44:45,361 [FATAL] Updater:308 - Updater called before beeing initialized
2023-08-22 20:44:45,361 [ERROR] CADModel:125 - Updater not yet initialized, retry later 
2023-08-22 20:44:45,365 [FATAL] Updater:308 - Updater called before beeing initialized
2023-08-22 20:44:45,513 [FATAL] Updater:308 - Updater called before beeing initialized
2023-08-22 20:44:45,526 [INFO] DbMcusAds:53 - JSON generation date=Wed Sep 29 22:55:09 GMT-08:00 2021 (1632984909247)
2023-08-22 20:44:45,527 [FATAL] Updater:308 - Updater called before beeing initialized
2023-08-22 20:44:45,627 [WARN] DetailPanel:346 - Failed to get advertising image, set to default
2023-08-22 20:44:45,749 [FATAL] Updater:308 - Updater called before beeing initialized
2023-08-22 20:44:45,751 [FATAL] Updater:308 - Updater called before beeing initialized
2023-08-22 20:44:45,752 [FATAL] Updater:308 - Updater called before beeing initialized
2023-08-22 20:44:45,752 [WARN] DetailPanel:346 - Failed to get advertising image, set to default
2023-08-22 20:44:45,754 [FATAL] Updater:308 - Updater called before beeing initialized
2023-08-22 20:44:45,871 [ERROR] Updater:1120 - MainUpdater not yet initialized. External WinMGr cannot be set.
2023-08-22 20:44:45,885 [INFO] Updater:1056 - Updater Version found : 6.9.1
2023-08-22 20:44:45,910 [INFO] ApplicationProperties:184 - Using Application install path: C:\ST\STM32CubeIDE_1.13.1\STM32CubeIDE\plugins\com.st.stm32cube.common.mx_6.9.1.202307191849
2023-08-22 20:44:46,125 [INFO] MainUpdater:2868 - connection check result : 10
2023-08-22 20:44:46,126 [INFO] MainUpdater:285 - Updater Check For Update Now.
2023-08-22 20:44:46,126 [INFO] MicroXplorer:498 - Change Database Version : DB.6.0.91
2023-08-22 20:44:46,152 [INFO] McuFinderGlobals:63 - Set McuFinder mode to 2 (CubeIDE integrated)
2023-08-22 20:44:46,153 [INFO] UserAuth:179 - activating auth plugin
2023-08-22 20:44:46,156 [INFO] UserAuth:393 - Internet connection configuration mode: 1
2023-08-22 20:44:46,212 [INFO] JxBrowserEngine:151 - Initiate JxBrowser Engine with user profile folder
2023-08-22 20:44:46,371 [INFO] CheckServerUpdateThread:120 - End of CheckServer Thread
2023-08-22 20:44:47,701 [WARN] PackLoader:240 - Cannot read IP mode file for STMicroelectronics.X-CUBE-SMBUS.2.1.0
2023-08-22 20:44:47,763 [WARN] PackLoader:240 - Cannot read IP mode file for STMicroelectronics.X-CUBE-AZRTOS-F7.1.1.0
2023-08-22 20:44:47,792 [WARN] PackLoader:240 - Cannot read IP mode file for STMicroelectronics.FP-SNS-MOTENV1.4.3.2
2023-08-22 20:44:47,818 [WARN] PackLoader:240 - Cannot read IP mode file for STMicroelectronics.FP-SNS-FLIGHT1.5.0.2
2023-08-22 20:44:47,847 [WARN] PackLoader:240 - Cannot read IP mode file for STMicroelectronics.X-CUBE-DISPLAY.3.0.0
2023-08-22 20:44:47,890 [WARN] PackLoader:240 - Cannot read IP mode file for STMicroelectronics.X-CUBE-BLE1.7.0.0
2023-08-22 20:44:47,911 [WARN] PackLoader:240 - Cannot read IP mode file for emotas.I-CUBE-CANOPEN.1.3.0
2023-08-22 20:44:47,929 [WARN] PackLoader:240 - Cannot read IP mode file for STMicroelectronics.X-CUBE-TOUCHGFX.4.22.0
2023-08-22 20:44:47,960 [INFO] LogOutputStream:77 - [STDOUT_REDIRECT] 1 : Invalid condition id : UX_CORESTACK_Condition cause : null
2023-08-22 20:44:47,960 [INFO] LogOutputStream:77 - [STDOUT_REDIRECT] 1 : Invalid condition id : UX_CORESTACK_Condition cause : null
2023-08-22 20:44:47,961 [INFO] LogOutputStream:77 - [STDOUT_REDIRECT] 1 : Invalid condition id : UX_CORESTACK_Condition cause : null
2023-08-22 20:44:47,962 [INFO] LogOutputStream:77 - [STDOUT_REDIRECT] 1 : Invalid condition id : UX_CORESTACK_Condition cause : null
2023-08-22 20:44:47,964 [INFO] LogOutputStream:77 - [STDOUT_REDIRECT] 1 : Invalid condition id : UX_CORESTACK_Condition cause : null
2023-08-22 20:44:47,970 [WARN] PackLoader:240 - Cannot read IP mode file for STMicroelectronics.X-CUBE-AZRTOS-WL.2.0.0
2023-08-22 20:44:47,995 [WARN] PackLoader:240 - Cannot read IP mode file for WES.I-CUBE-Cesium.1.3.0
2023-08-22 20:44:48,016 [WARN] PackLoader:240 - Cannot read IP mode file for STMicroelectronics.X-CUBE-BLE2.3.3.0
2023-08-22 20:44:48,039 [WARN] PackLoader:240 - Cannot read IP mode file for STMicroelectronics.X-CUBE-ALGOBUILD.1.3.0
2023-08-22 20:44:48,077 [WARN] PackLoader:240 - Cannot read IP mode file for STMicroelectronics.X-CUBE-AZRTOS-G0.1.1.0
2023-08-22 20:44:48,102 [WARN] PackLoader:240 - Cannot read IP mode file for STMicroelectronics.X-CUBE-NFC4.3.0.0
2023-08-22 20:44:48,125 [WARN] PackLoader:240 - Cannot read IP mode file for STMicroelectronics.FP-ATR-SIGFOX1.3.2.0
2023-08-22 20:44:48,174 [WARN] PackLoader:240 - Cannot read IP mode file for SEGGER.I-CUBE-embOS.1.3.1
2023-08-22 20:44:48,233 [WARN] PackLoader:240 - Cannot read IP mode file for STMicroelectronics.X-CUBE-GNSS1.6.0.0
2023-08-22 20:44:48,267 [WARN] PackLoader:240 - Cannot read IP mode file for STMicroelectronics.X-CUBE-AZRTOS-F4.1.1.0
2023-08-22 20:44:48,295 [WARN] PackLoader:240 - Cannot read IP mode file for wolfSSL.I-CUBE-wolfSSL.5.6.3
2023-08-22 20:44:48,333 [WARN] PackLoader:240 - Cannot read IP mode file for STMicroelectronics.X-CUBE-AZRTOS-L5.2.0.0
2023-08-22 20:44:48,398 [WARN] PackLoader:240 - Cannot read IP mode file for STMicroelectronics.X-CUBE-MEMS1.9.6.0
2023-08-22 20:44:48,581 [WARN] PackLoader:240 - Cannot read IP mode file for STMicroelectronics.X-CUBE-BLEMGR.2.0.0
2023-08-22 20:44:48,616 [WARN] ConditionMgr:438 - getConditionDescription Invalid condition id : UX DEVICE CLASS RTOS Condition cause : null
2023-08-22 20:44:48,616 [WARN] ConditionMgr:438 - getConditionDescription Invalid condition id : UX DEVICE CLASS RTOS Condition cause : null
2023-08-22 20:44:48,620 [WARN] PackLoader:240 - Cannot read IP mode file for STMicroelectronics.X-CUBE-AZRTOS-H7.3.1.0
2023-08-22 20:44:48,622 [WARN] ConditionMgr:1039 - genDependencies : Invalid condition id : UX DEVICE CLASS RTOS Condition cause : null
2023-08-22 20:44:48,623 [WARN] ConditionMgr:1039 - genDependencies : Invalid condition id : UX DEVICE CLASS RTOS Condition cause : null
2023-08-22 20:44:48,624 [WARN] ConditionMgr:1039 - genDependencies : Invalid condition id : UX DEVICE CLASS RTOS Condition cause : null
2023-08-22 20:44:48,625 [WARN] ConditionMgr:1039 - genDependencies : Invalid condition id : UX DEVICE CLASS RTOS Condition cause : null
2023-08-22 20:44:48,625 [WARN] ConditionMgr:1039 - genDependencies : Invalid condition id : UX DEVICE CLASS RTOS Condition cause : null
2023-08-22 20:44:48,643 [WARN] PackLoader:240 - Cannot read IP mode file for STMicroelectronics.X-CUBE-NFC7.1.0.1
2023-08-22 20:44:48,667 [WARN] PackLoader:240 - Cannot read IP mode file for STMicroelectronics.X-CUBE-EEPRMA1.4.1.0
2023-08-22 20:44:48,686 [WARN] PackLoader:240 - Cannot read IP mode file for STMicroelectronics.X-CUBE-AI.8.1.0
2023-08-22 20:44:48,720 [WARN] ConditionMgr:438 - getConditionDescription Invalid condition id : LAN8742 Phy interface Condition cause : null
2023-08-22 20:44:48,721 [WARN] PackLoader:240 - Cannot read IP mode file for STMicroelectronics.X-CUBE-AZRTOS-L4.2.0.0
2023-08-22 20:44:48,723 [WARN] ConditionMgr:1039 - genDependencies : Invalid condition id : LAN8742 Phy interface Condition cause : null
2023-08-22 20:44:48,723 [WARN] ConditionMgr:1039 - genDependencies : Invalid condition id : LAN8742 Phy interface Condition cause : null
2023-08-22 20:44:48,724 [WARN] ConditionMgr:1039 - genDependencies : Invalid condition id : LAN8742 Phy interface Condition cause : null
2023-08-22 20:44:48,747 [WARN] PackLoader:240 - Cannot read IP mode file for STMicroelectronics.X-CUBE-SFXS2LP1.4.0.0
2023-08-22 20:44:48,765 [WARN] PackLoader:240 - Cannot read IP mode file for STMicroelectronics.X-CUBE-ISPU.1.1.0
2023-08-22 20:44:48,796 [WARN] ConditionMgr:438 - getConditionDescription Invalid condition id : UX DEVICE CLASS RTOS Condition cause : null
2023-08-22 20:44:48,797 [WARN] ConditionMgr:438 - getConditionDescription Invalid condition id : UX DEVICE CLASS RTOS Condition cause : null
2023-08-22 20:44:48,801 [WARN] PackLoader:240 - Cannot read IP mode file for STMicroelectronics.X-CUBE-AZRTOS-WB.2.0.0
2023-08-22 20:44:48,802 [WARN] ConditionMgr:1039 - genDependencies : Invalid condition id : UX DEVICE CLASS RTOS Condition cause : null
2023-08-22 20:44:48,803 [WARN] ConditionMgr:1039 - genDependencies : Invalid condition id : UX DEVICE CLASS RTOS Condition cause : null
2023-08-22 20:44:48,804 [WARN] ConditionMgr:1039 - genDependencies : Invalid condition id : UX DEVICE CLASS RTOS Condition cause : null
2023-08-22 20:44:48,804 [WARN] ConditionMgr:1039 - genDependencies : Invalid condition id : UX DEVICE CLASS RTOS Condition cause : null
2023-08-22 20:44:48,804 [WARN] ConditionMgr:1039 - genDependencies : Invalid condition id : UX DEVICE CLASS RTOS Condition cause : null
2023-08-22 20:44:48,823 [WARN] PackLoader:240 - Cannot read IP mode file for STMicroelectronics.X-CUBE-FREERTOS.1.0.1
2023-08-22 20:44:48,852 [WARN] PackLoader:240 - Cannot read IP mode file for STMicroelectronics.X-CUBE-SUBG2.5.0.0
2023-08-22 20:44:48,886 [WARN] PackLoader:240 - Cannot read IP mode file for STMicroelectronics.X-CUBE-TOF1.3.3.1
2023-08-22 20:44:48,940 [WARN] PackLoader:240 - Cannot read IP mode file for STMicroelectronics.X-CUBE-AZRTOS-G4.2.0.0
2023-08-22 20:44:48,961 [WARN] PackLoader:240 - Cannot read IP mode file for portGmbH.I-Cube-SoM-uGOAL.1.1.0
2023-08-22 20:44:48,985 [WARN] PackLoader:240 - Cannot read IP mode file for STMicroelectronics.X-CUBE-ALS.1.0.1
2023-08-22 20:44:49,003 [WARN] PackLoader:240 - Cannot read IP mode file for STMicroelectronics.FP-ATR-ASTRA1.2.0.0
2023-08-22 20:44:49,005 [INFO] ThirdParty:978 - Integrity check success = true
2023-08-22 20:44:49,005 [INFO] IntegrityCheckThread:100 - exiting critical section [integrity check]
2023-08-22 20:44:49,005 [INFO] IntegrityCheckThread:103 - End integrity checks thread
2023-08-22 20:44:49,720 [INFO] WebApp:157 - Instantiating new browser for Auth
2023-08-22 20:44:50,510 [INFO] WebApp:753 - Register for checkConnection events
2023-08-22 20:44:50,510 [INFO] WebApp:390 - Apply proxy settings
2023-08-22 20:44:50,510 [INFO] WebApp:475 - Chromium requires no authentication
2023-08-22 20:44:50,522 [INFO] WebApp:418 - Direct internet connection detected
2023-08-22 20:44:50,756 [INFO] WebApp:188 - Starting web application
2023-08-22 20:44:50,756 [INFO] WebApp:520 - Web application path used C:\ST\STM32CubeIDE_1.13.1\STM32CubeIDE\plugins\com.st.stm32cube.common.mx_6.9.1.202307191849\db\plugins\mcufinder\reactClient1\index.html
2023-08-22 20:45:12,286 [ERROR] LogOutputStream:75 - [STDERR_REDIRECT] SLF4J: Failed to load class "org.slf4j.impl.StaticLoggerBinder".
2023-08-22 20:45:12,287 [ERROR] LogOutputStream:75 - [STDERR_REDIRECT] SLF4J: Defaulting to no-operation (NOP) logger implementation
2023-08-22 20:45:12,290 [ERROR] LogOutputStream:75 - [STDERR_REDIRECT] SLF4J: See http://www.slf4j.org/codes.html#StaticLoggerBinder for further details.
2023-08-22 14:57:41,470 [ERROR] ConfigurationRetriever:142 - IOException on connection: No route to host: no further information
2023-08-22 14:57:41,471 [ERROR] ConfigurationRetriever:142 - IOException on connection: No route to host: no further information
2023-08-22 14:57:41,482 [ERROR] ConfigurationRetriever:142 - IOException on connection: No route to host: no further information
