2023-07-16 15:42:15,422 [INFO] Activator:177 - 


2023-07-16 15:42:15,422 [INFO] Activator:178 - !SESSION log4j initialized
2023-07-16 15:42:47,406 [ERROR] LogOutputStream:74 - [STDERR_REDIRECT] SLF4J: Failed to load class "org.slf4j.impl.StaticLoggerBinder".
2023-07-16 15:42:47,406 [ERROR] LogOutputStream:74 - [STDERR_REDIRECT] SLF4J: Defaulting to no-operation (NOP) logger implementation
2023-07-16 15:42:47,416 [ERROR] LogOutputStream:74 - [STDERR_REDIRECT] SLF4J: See http://www.slf4j.org/codes.html#StaticLoggerBinder for further details.
2023-07-16 15:53:22,963 [INFO] Activator:177 - 


2023-07-16 15:53:22,963 [INFO] Activator:178 - !SESSION log4j initialized
2023-07-16 15:53:52,709 [ERROR] LogOutputStream:74 - [STDERR_REDIRECT] SLF4J: Failed to load class "org.slf4j.impl.StaticLoggerBinder".
2023-07-16 15:53:52,709 [ERROR] LogOutputStream:74 - [STDERR_REDIRECT] SLF4J: Defaulting to no-operation (NOP) logger implementation
2023-07-16 15:53:52,709 [ERROR] LogOutputStream:74 - [STDERR_REDIRECT] SLF4J: See http://www.slf4j.org/codes.html#StaticLoggerBinder for further details.
2023-07-16 16:12:05,349 [INFO] Activator:177 - 


2023-07-16 16:12:05,349 [INFO] Activator:178 - !SESSION log4j initialized
2023-07-16 16:12:37,012 [ERROR] LogOutputStream:74 - [STDERR_REDIRECT] SLF4J: Failed to load class "org.slf4j.impl.StaticLoggerBinder".
2023-07-16 16:12:37,012 [ERROR] LogOutputStream:74 - [STDERR_REDIRECT] SLF4J: Defaulting to no-operation (NOP) logger implementation
2023-07-16 16:12:37,012 [ERROR] LogOutputStream:74 - [STDERR_REDIRECT] SLF4J: See http://www.slf4j.org/codes.html#StaticLoggerBinder for further details.
2023-08-21 06:10:05,486 [INFO] Activator:176 - 


2023-08-21 06:10:05,488 [INFO] Activator:177 - !SESSION log4j initialized
2023-08-21 06:10:12,319 [INFO] LogOutputStream:77 - [STDOUT_REDIRECT] 
2023-08-21 06:10:30,765 [INFO] ApplicationProperties:184 - Using Application install path: C:\ST\STM32CubeIDE_1.13.1\STM32CubeIDE\plugins\com.st.stm32cube.common.mx_6.9.1.202307191849
2023-08-21 06:10:30,785 [INFO] DbMcusXml:78 - Set database path to: C:\ST\STM32CubeIDE_1.13.1\STM32CubeIDE\plugins\com.st.stm32cube.common.mx_6.9.1.202307191849\\db\/mcu/
2023-08-21 06:10:30,786 [INFO] ApiDb:274 - Set plugin database path to: C:\ST\STM32CubeIDE_1.13.1\STM32CubeIDE\plugins\com.st.stm32cube.common.mx_6.9.1.202307191849\\db\/plugins/boardmanager/
2023-08-21 06:10:30,786 [WARN] ApiDb:259 - Overriding images path with different value:  => C:\ST\STM32CubeIDE_1.13.1\STM32CubeIDE\plugins\com.st.stm32cube.common.mx_6.9.1.202307191849\\db\/plugins/mcufinder/images/
2023-08-21 06:10:31,970 [INFO] ApiDb:250 - Set database path to: C:\Users\cmira\.stmcufinder\plugins\mcufinder//mcu/
2023-08-21 06:10:31,972 [INFO] DbMcusAds:125 - Set database path to: C:\Users\cmira\.stmcufinder\plugins\mcufinder//mcu/
2023-08-21 06:10:32,004 [INFO] CrossReferenceDbSqlite:203 - Set database path to: C:\Users\cmira\.stmcufinder\plugins\mcufinder//mcu/cs/
2023-08-21 06:10:32,171 [INFO] RulesReader:64 - Compatibility file has been processed (293 Rules)
2023-08-21 06:10:32,283 [INFO] DbMcusXml:78 - Set database path to: C:\ST\STM32CubeIDE_1.13.1\STM32CubeIDE\plugins\com.st.stm32cube.common.mx_6.9.1.202307191849\\db\/mcu/
2023-08-21 06:10:32,283 [INFO] ApiDb:274 - Set plugin database path to: C:\ST\STM32CubeIDE_1.13.1\STM32CubeIDE\plugins\com.st.stm32cube.common.mx_6.9.1.202307191849\\db\/plugins/boardmanager/
2023-08-21 06:10:32,284 [INFO] ApiDb:261 - Set plugin images path to: C:\ST\STM32CubeIDE_1.13.1\STM32CubeIDE\plugins\com.st.stm32cube.common.mx_6.9.1.202307191849\\db\/plugins/mcufinder/images/
2023-08-21 06:10:32,284 [WARN] DbFile:41 - Overriding database path with different value: C:\Users\cmira\.stmcufinder\plugins\mcufinder/ => C:\Users\cmira\.stmcufinder\plugins\mcufinder
2023-08-21 06:10:32,284 [INFO] ApiDb:250 - Set database path to: C:\Users\cmira\.stmcufinder\plugins\mcufinder//mcu/
2023-08-21 06:10:32,284 [WARN] DbFile:41 - Overriding database path with different value: C:\Users\cmira\.stmcufinder\plugins\mcufinder/ => C:\Users\cmira\.stmcufinder\plugins\mcufinder
2023-08-21 06:10:32,284 [INFO] DbMcusAds:125 - Set database path to: C:\Users\cmira\.stmcufinder\plugins\mcufinder//mcu/
2023-08-21 06:10:32,284 [WARN] DbFile:41 - Overriding database path with different value: C:\Users\cmira\.stmcufinder\plugins\mcufinder/ => C:\Users\cmira\.stmcufinder\plugins\mcufinder
2023-08-21 06:10:32,284 [WARN] DbFile:41 - Overriding database path with different value: C:\Users\cmira\.stmcufinder\plugins\mcufinder/ => C:\Users\cmira\.stmcufinder\plugins\mcufinder
2023-08-21 06:10:32,284 [INFO] CrossReferenceDbSqlite:203 - Set database path to: C:\Users\cmira\.stmcufinder\plugins\mcufinder//mcu/cs/
2023-08-21 06:10:32,376 [INFO] MainPanel:262 - HeapMemory: 300941312
2023-08-21 06:10:32,471 [INFO] DbMcusXml:78 - Set database path to: C:\ST\STM32CubeIDE_1.13.1\STM32CubeIDE\plugins\com.st.stm32cube.common.mx_6.9.1.202307191849\\db\/mcu/
2023-08-21 06:10:32,472 [INFO] ApiDb:274 - Set plugin database path to: C:\ST\STM32CubeIDE_1.13.1\STM32CubeIDE\plugins\com.st.stm32cube.common.mx_6.9.1.202307191849\\db\/plugins/boardmanager/
2023-08-21 06:10:32,472 [INFO] ApiDb:261 - Set plugin images path to: C:\ST\STM32CubeIDE_1.13.1\STM32CubeIDE\plugins\com.st.stm32cube.common.mx_6.9.1.202307191849\\db\/plugins/mcufinder/images/
2023-08-21 06:10:32,472 [WARN] DbFile:41 - Overriding database path with different value: C:\Users\cmira\.stmcufinder\plugins\mcufinder/ => C:\Users\cmira\.stmcufinder\plugins\mcufinder
2023-08-21 06:10:32,472 [INFO] ApiDb:250 - Set database path to: C:\Users\cmira\.stmcufinder\plugins\mcufinder//mcu/
2023-08-21 06:10:32,472 [WARN] DbFile:41 - Overriding database path with different value: C:\Users\cmira\.stmcufinder\plugins\mcufinder/ => C:\Users\cmira\.stmcufinder\plugins\mcufinder
2023-08-21 06:10:32,472 [INFO] DbMcusAds:125 - Set database path to: C:\Users\cmira\.stmcufinder\plugins\mcufinder//mcu/
2023-08-21 06:10:32,473 [WARN] DbFile:41 - Overriding database path with different value: C:\Users\cmira\.stmcufinder\plugins\mcufinder/ => C:\Users\cmira\.stmcufinder\plugins\mcufinder
2023-08-21 06:10:32,473 [WARN] DbFile:41 - Overriding database path with different value: C:\Users\cmira\.stmcufinder\plugins\mcufinder/ => C:\Users\cmira\.stmcufinder\plugins\mcufinder
2023-08-21 06:10:32,473 [INFO] CrossReferenceDbSqlite:203 - Set database path to: C:\Users\cmira\.stmcufinder\plugins\mcufinder//mcu/cs/
2023-08-21 06:10:32,493 [INFO] ApplicationProperties:184 - Using Application install path: C:\ST\STM32CubeIDE_1.13.1\STM32CubeIDE\plugins\com.st.stm32cube.common.mx_6.9.1.202307191849
2023-08-21 06:10:32,496 [INFO] PluginManage:196 - Search for loadable plugins [exclusion list=, ]
2023-08-21 06:10:32,498 [INFO] PluginManage:310 - Check plugin analytics
2023-08-21 06:10:32,743 [INFO] AnalyticsPlugin:253 - Accepted Software Licenses: 
2023-08-21 06:10:32,744 [INFO] AnalyticsPlugin:255 - Accepted CMSIS Pack Licenses: 
2023-08-21 06:10:32,744 [INFO] AnalyticsPlugin:257 - Accepted Firmware Licenses: 
2023-08-21 06:10:32,749 [INFO] PluginManage:359 - Loaded plugin analytics (category:tool,tabindex:-1)
2023-08-21 06:10:32,749 [INFO] PluginManage:310 - Check plugin cadmodel
2023-08-21 06:10:32,753 [INFO] CADModel:105 - Init CAD model plugin
2023-08-21 06:10:32,753 [INFO] PluginManage:359 - Loaded plugin cadmodel (category:power,tabindex:5)
2023-08-21 06:10:32,753 [INFO] PluginManage:310 - Check plugin clock
2023-08-21 06:10:32,762 [INFO] PluginManage:359 - Loaded plugin clock (category:base,tabindex:2)
2023-08-21 06:10:32,763 [INFO] PluginManage:310 - Check plugin ddr
2023-08-21 06:10:32,765 [INFO] PluginManage:359 - Loaded plugin ddr (category:tool,tabindex:6)
2023-08-21 06:10:32,766 [INFO] PluginManage:310 - Check plugin filemanager
2023-08-21 06:10:32,912 [INFO] PluginManage:359 - Loaded plugin filemanager (category:base,tabindex:10)
2023-08-21 06:10:32,912 [INFO] PluginManage:310 - Check plugin ipmanager
2023-08-21 06:10:32,920 [INFO] PluginManage:359 - Loaded plugin ipmanager (category:base,tabindex:5)
2023-08-21 06:10:32,921 [INFO] PluginManage:310 - Check plugin lpbam
2023-08-21 06:10:32,930 [INFO] PluginManage:359 - Loaded plugin lpbam (category:base,tabindex:0)
2023-08-21 06:10:32,930 [INFO] PluginManage:310 - Check plugin memorymap
2023-08-21 06:10:32,945 [INFO] PluginManage:359 - Loaded plugin memorymap (category:base,tabindex:4)
2023-08-21 06:10:32,945 [INFO] PluginManage:310 - Check plugin pinoutandconfiguration
2023-08-21 06:10:32,953 [INFO] PluginManage:359 - Loaded plugin pinoutandconfiguration (category:base,tabindex:1)
2023-08-21 06:10:32,953 [INFO] PluginManage:310 - Check plugin pinoutconfig
2023-08-21 06:10:33,053 [WARN] SupportedApi:132 - Cannot load RTOS API schema: s4s-elt-must-match.1: The content of 'definitions' must match (annotation?, (simpleType | complexType)?, (unique | key | keyref)*)). A problem was found starting at: attribute.
2023-08-21 06:10:33,211 [INFO] PluginManage:359 - Loaded plugin pinoutconfig (category:base,tabindex:0)
2023-08-21 06:10:33,211 [INFO] PluginManage:310 - Check plugin power
2023-08-21 06:10:33,219 [INFO] PluginManage:359 - Loaded plugin power (category:power,tabindex:4)
2023-08-21 06:10:33,219 [INFO] PluginManage:310 - Check plugin projectmanager
2023-08-21 06:10:33,235 [INFO] PluginManage:359 - Loaded plugin projectmanager (category:projectmanager,tabindex:3)
2023-08-21 06:10:33,235 [INFO] PluginManage:310 - Check plugin thirdparty
2023-08-21 06:10:33,379 [WARN] IntegrityCheckThread:84 - waiting for thirdparty lock release [integrity check]
2023-08-21 06:10:33,379 [INFO] IntegrityCheckThread:86 - entering critical section [integrity check]
2023-08-21 06:10:33,380 [INFO] PluginManage:359 - Loaded plugin thirdparty (category:base,tabindex:-1)
2023-08-21 06:10:33,380 [INFO] PluginManage:310 - Check plugin tools
2023-08-21 06:10:33,380 [INFO] ThirdPartyUpdaterWithRetryManager:70 - Updater plugin not ready yet. [1/15]
2023-08-21 06:10:33,383 [INFO] PluginManage:359 - Loaded plugin tools (category:base,tabindex:7)
2023-08-21 06:10:33,384 [INFO] PluginManage:310 - Check plugin tutovideos
2023-08-21 06:10:33,593 [INFO] PluginManage:359 - Loaded plugin tutovideos (category:base,tabindex:-1)
2023-08-21 06:10:33,593 [INFO] PluginManage:310 - Check plugin updater
2023-08-21 06:10:33,607 [INFO] PluginManage:359 - Loaded plugin updater (category:base,tabindex:12)
2023-08-21 06:10:33,607 [INFO] PluginManage:310 - Check plugin userauth
2023-08-21 06:10:33,613 [INFO] UserAuth:113 - Init User Auth plugin
2023-08-21 06:10:33,613 [INFO] PluginManage:359 - Loaded plugin userauth (category:base,tabindex:14)
2023-08-21 06:10:33,614 [INFO] PluginManage:283 - PluginManage : Loaded plugins [17]
2023-08-21 06:10:33,848 [INFO] PinOutPanel:1499 - setPackage(No Configuration,No Configuration)
2023-08-21 06:10:33,951 [INFO] CADModel:165 - CPN selected for project level
2023-08-21 06:10:33,951 [INFO] CADModel:114 - Register for checkConnection events
2023-08-21 06:10:33,967 [INFO] IPUIPlugin:80 - create IPUIPlugin
2023-08-21 06:10:33,967 [INFO] PluginManager:220 - loadIPPluginJar : add adc
2023-08-21 06:10:33,969 [INFO] IPUIPlugin:80 - create IPUIPlugin
2023-08-21 06:10:33,969 [INFO] PluginManager:220 - loadIPPluginJar : add aes
2023-08-21 06:10:33,973 [INFO] IPUIPlugin:80 - create IPUIPlugin
2023-08-21 06:10:33,973 [INFO] PluginManager:220 - loadIPPluginJar : add can
2023-08-21 06:10:33,975 [INFO] IPUIPlugin:80 - create IPUIPlugin
2023-08-21 06:10:33,975 [INFO] PluginManager:220 - loadIPPluginJar : add comp
2023-08-21 06:10:33,977 [INFO] IPUIPlugin:80 - create IPUIPlugin
2023-08-21 06:10:33,977 [INFO] PluginManager:220 - loadIPPluginJar : add cryp
2023-08-21 06:10:33,980 [INFO] IPUIPlugin:80 - create IPUIPlugin
2023-08-21 06:10:33,980 [INFO] PluginManager:220 - loadIPPluginJar : add dfsdm
2023-08-21 06:10:33,985 [INFO] IPUIPlugin:80 - create IPUIPlugin
2023-08-21 06:10:33,986 [INFO] PluginManager:220 - loadIPPluginJar : add dma
2023-08-21 06:10:33,989 [INFO] IPUIPlugin:80 - create IPUIPlugin
2023-08-21 06:10:33,989 [INFO] PluginManager:220 - loadIPPluginJar : add dma3
2023-08-21 06:10:33,990 [INFO] IPUIPlugin:80 - create IPUIPlugin
2023-08-21 06:10:33,990 [INFO] PluginManager:220 - loadIPPluginJar : add fatfs
2023-08-21 06:10:33,994 [INFO] IPUIPlugin:80 - create IPUIPlugin
2023-08-21 06:10:33,994 [INFO] PluginManager:220 - loadIPPluginJar : add fmc
2023-08-21 06:10:34,000 [INFO] IPUIPlugin:80 - create IPUIPlugin
2023-08-21 06:10:34,000 [INFO] PluginManager:220 - loadIPPluginJar : add freertos
2023-08-21 06:10:34,001 [INFO] IPUIPlugin:80 - create IPUIPlugin
2023-08-21 06:10:34,002 [INFO] PluginManager:220 - loadIPPluginJar : add genericplugin
2023-08-21 06:10:34,004 [INFO] IPUIPlugin:80 - create IPUIPlugin
2023-08-21 06:10:34,004 [INFO] PluginManager:220 - loadIPPluginJar : add gfxmmu
2023-08-21 06:10:34,009 [INFO] IPUIPlugin:80 - create IPUIPlugin
2023-08-21 06:10:34,009 [INFO] PluginManager:220 - loadIPPluginJar : add gic
2023-08-21 06:10:34,014 [INFO] IPUIPlugin:80 - create IPUIPlugin
2023-08-21 06:10:34,014 [INFO] PluginManager:220 - loadIPPluginJar : add gpio
2023-08-21 06:10:34,017 [INFO] IPUIPlugin:80 - create IPUIPlugin
2023-08-21 06:10:34,017 [INFO] PluginManager:220 - loadIPPluginJar : add gtzc
2023-08-21 06:10:34,019 [INFO] IPUIPlugin:80 - create IPUIPlugin
2023-08-21 06:10:34,019 [INFO] PluginManager:220 - loadIPPluginJar : add hash
2023-08-21 06:10:34,021 [INFO] IPUIPlugin:80 - create IPUIPlugin
2023-08-21 06:10:34,021 [INFO] PluginManager:220 - loadIPPluginJar : add i2c
2023-08-21 06:10:34,023 [INFO] IPUIPlugin:80 - create IPUIPlugin
2023-08-21 06:10:34,024 [INFO] PluginManager:220 - loadIPPluginJar : add i2s
2023-08-21 06:10:34,027 [INFO] IPUIPlugin:80 - create IPUIPlugin
2023-08-21 06:10:34,027 [INFO] PluginManager:220 - loadIPPluginJar : add i3c
2023-08-21 06:10:34,030 [INFO] IPUIPlugin:80 - create IPUIPlugin
2023-08-21 06:10:34,030 [INFO] PluginManager:220 - loadIPPluginJar : add ipddr
2023-08-21 06:10:34,036 [INFO] IPUIPlugin:80 - create IPUIPlugin
2023-08-21 06:10:34,037 [INFO] PluginManager:220 - loadIPPluginJar : add linkedlist
2023-08-21 06:10:34,040 [INFO] IPUIPlugin:80 - create IPUIPlugin
2023-08-21 06:10:34,040 [INFO] PluginManager:220 - loadIPPluginJar : add lorawan
2023-08-21 06:10:34,042 [INFO] IPUIPlugin:80 - create IPUIPlugin
2023-08-21 06:10:34,042 [INFO] PluginManager:220 - loadIPPluginJar : add ltdc
2023-08-21 06:10:34,048 [INFO] IPUIPlugin:80 - create IPUIPlugin
2023-08-21 06:10:34,048 [INFO] PluginManager:220 - loadIPPluginJar : add mdma
2023-08-21 06:10:34,051 [INFO] IPUIPlugin:80 - create IPUIPlugin
2023-08-21 06:10:34,051 [INFO] PluginManager:220 - loadIPPluginJar : add nvic
2023-08-21 06:10:34,055 [INFO] IPUIPlugin:80 - create IPUIPlugin
2023-08-21 06:10:34,055 [INFO] PluginManager:220 - loadIPPluginJar : add opamp
2023-08-21 06:10:34,058 [INFO] IPUIPlugin:80 - create IPUIPlugin
2023-08-21 06:10:34,058 [INFO] PluginManager:220 - loadIPPluginJar : add openamp
2023-08-21 06:10:34,062 [INFO] IPUIPlugin:80 - create IPUIPlugin
2023-08-21 06:10:34,062 [INFO] PluginManager:220 - loadIPPluginJar : add pdm2pcm
2023-08-21 06:10:34,068 [INFO] IPUIPlugin:80 - create IPUIPlugin
2023-08-21 06:10:34,070 [INFO] PluginManager:220 - loadIPPluginJar : add plateformsettings
2023-08-21 06:10:34,072 [INFO] IPUIPlugin:80 - create IPUIPlugin
2023-08-21 06:10:34,072 [INFO] PluginManager:220 - loadIPPluginJar : add quadspi
2023-08-21 06:10:34,075 [INFO] IPUIPlugin:80 - create IPUIPlugin
2023-08-21 06:10:34,075 [INFO] PluginManager:220 - loadIPPluginJar : add resmgrutility
2023-08-21 06:10:34,078 [INFO] IPUIPlugin:80 - create IPUIPlugin
2023-08-21 06:10:34,078 [INFO] PluginManager:220 - loadIPPluginJar : add sai
2023-08-21 06:10:34,081 [INFO] IPUIPlugin:80 - create IPUIPlugin
2023-08-21 06:10:34,081 [INFO] PluginManager:220 - loadIPPluginJar : add spi
2023-08-21 06:10:34,086 [INFO] IPUIPlugin:80 - create IPUIPlugin
2023-08-21 06:10:34,086 [INFO] PluginManager:220 - loadIPPluginJar : add stm32_wpan
2023-08-21 06:10:34,088 [INFO] IPUIPlugin:80 - create IPUIPlugin
2023-08-21 06:10:34,088 [INFO] PluginManager:220 - loadIPPluginJar : add tim
2023-08-21 06:10:34,091 [INFO] IPUIPlugin:80 - create IPUIPlugin
2023-08-21 06:10:34,091 [INFO] PluginManager:220 - loadIPPluginJar : add touchsensing
2023-08-21 06:10:34,093 [INFO] IPUIPlugin:80 - create IPUIPlugin
2023-08-21 06:10:34,093 [INFO] PluginManager:220 - loadIPPluginJar : add tracer_emb
2023-08-21 06:10:34,095 [INFO] IPUIPlugin:80 - create IPUIPlugin
2023-08-21 06:10:34,095 [INFO] PluginManager:220 - loadIPPluginJar : add ts
2023-08-21 06:10:34,097 [INFO] IPUIPlugin:80 - create IPUIPlugin
2023-08-21 06:10:34,097 [INFO] PluginManager:220 - loadIPPluginJar : add tsc
2023-08-21 06:10:34,099 [INFO] IPUIPlugin:80 - create IPUIPlugin
2023-08-21 06:10:34,099 [INFO] PluginManager:220 - loadIPPluginJar : add ucpd
2023-08-21 06:10:34,103 [INFO] IPUIPlugin:80 - create IPUIPlugin
2023-08-21 06:10:34,103 [INFO] PluginManager:220 - loadIPPluginJar : add usart
2023-08-21 06:10:34,106 [INFO] IPUIPlugin:80 - create IPUIPlugin
2023-08-21 06:10:34,106 [INFO] PluginManager:220 - loadIPPluginJar : add usbx
2023-08-21 06:10:34,236 [INFO] CADModel:165 - CPN selected for project level
2023-08-21 06:10:34,236 [INFO] CADModel:114 - Register for checkConnection events
2023-08-21 06:10:34,236 [FATAL] Updater:308 - Updater called before beeing initialized
2023-08-21 06:10:34,236 [ERROR] CADModel:125 - Updater not yet initialized, retry later 
2023-08-21 06:10:34,411 [INFO] CADModel:165 - CPN selected for project level
2023-08-21 06:10:34,411 [INFO] CADModel:114 - Register for checkConnection events
2023-08-21 06:10:34,411 [FATAL] Updater:308 - Updater called before beeing initialized
2023-08-21 06:10:34,411 [ERROR] CADModel:125 - Updater not yet initialized, retry later 
2023-08-21 06:10:34,414 [FATAL] Updater:308 - Updater called before beeing initialized
2023-08-21 06:10:34,525 [FATAL] Updater:308 - Updater called before beeing initialized
2023-08-21 06:10:34,530 [INFO] DbMcusAds:53 - JSON generation date=Wed Sep 29 23:55:09 PDT 2021 (1632984909247)
2023-08-21 06:10:34,530 [FATAL] Updater:308 - Updater called before beeing initialized
2023-08-21 06:10:34,563 [WARN] DetailPanel:346 - Failed to get advertising image, set to default
2023-08-21 06:10:34,650 [FATAL] Updater:308 - Updater called before beeing initialized
2023-08-21 06:10:34,652 [FATAL] Updater:308 - Updater called before beeing initialized
2023-08-21 06:10:34,652 [FATAL] Updater:308 - Updater called before beeing initialized
2023-08-21 06:10:34,652 [WARN] DetailPanel:346 - Failed to get advertising image, set to default
2023-08-21 06:10:34,653 [FATAL] Updater:308 - Updater called before beeing initialized
2023-08-21 06:10:34,693 [ERROR] Updater:1120 - MainUpdater not yet initialized. External WinMGr cannot be set.
2023-08-21 06:10:34,697 [INFO] Updater:1056 - Updater Version found : 6.9.1
2023-08-21 06:10:34,711 [INFO] ApplicationProperties:184 - Using Application install path: C:\ST\STM32CubeIDE_1.13.1\STM32CubeIDE\plugins\com.st.stm32cube.common.mx_6.9.1.202307191849
2023-08-21 06:10:34,758 [INFO] MainUpdater:521 - Copy updater definitions from MX database
2023-08-21 06:10:35,623 [INFO] MainUpdater:2868 - connection check result : 10
2023-08-21 06:10:35,623 [INFO] MainUpdater:3562 - Updater definition file requires update
2023-08-21 06:10:35,624 [INFO] MainUpdater:285 - Updater Check For Update Now.
2023-08-21 06:10:35,624 [INFO] MicroXplorer:498 - Change Database Version : DB.6.0.91
2023-08-21 06:10:35,636 [INFO] McuFinderGlobals:63 - Set McuFinder mode to 2 (CubeIDE integrated)
2023-08-21 06:10:35,636 [INFO] UserAuth:179 - activating auth plugin
2023-08-21 06:10:35,638 [INFO] UserAuth:393 - Internet connection configuration mode: 1
2023-08-21 06:10:35,646 [INFO] JxBrowserEngine:151 - Initiate JxBrowser Engine with user profile folder
2023-08-21 06:10:36,383 [WARN] MainUpdater:1189 - Updater busy. Cannot search thirdparties
2023-08-21 06:10:36,383 [INFO] ThirdPartyUpdaterWithRetryManager:96 - Updater plugin is busy. [1/15]
2023-08-21 06:10:36,866 [INFO] ServerAccessManage:473 - Download File updaters.zip
2023-08-21 06:10:36,991 [INFO] FileExtend:240 - Unzip File : updaters.zip
2023-08-21 06:10:36,991 [INFO] FileExtend:255 - Standard Zip Deflate
2023-08-21 06:10:38,077 [INFO] ServerAccessManage:473 - Download File PacksControlFlags.xml
2023-08-21 06:10:38,775 [INFO] ServerAccessManage:473 - Download File cubemx.pidx
2023-08-21 06:10:38,894 [INFO] LoadServerUpdatesThread:373 - End of LoadServerUpdate Thread
2023-08-21 06:10:39,067 [INFO] CheckServerUpdateThread:120 - End of CheckServer Thread
2023-08-21 06:10:39,595 [WARN] PackLoader:240 - Cannot read IP mode file for STMicroelectronics.X-CUBE-SMBUS.2.1.0
2023-08-21 06:10:39,663 [WARN] PackLoader:240 - Cannot read IP mode file for STMicroelectronics.X-CUBE-AZRTOS-F7.1.1.0
2023-08-21 06:10:39,692 [WARN] PackLoader:240 - Cannot read IP mode file for STMicroelectronics.FP-SNS-MOTENV1.4.3.2
2023-08-21 06:10:39,714 [WARN] PackLoader:240 - Cannot read IP mode file for STMicroelectronics.FP-SNS-FLIGHT1.5.0.2
2023-08-21 06:10:39,741 [WARN] PackLoader:240 - Cannot read IP mode file for STMicroelectronics.X-CUBE-DISPLAY.3.0.0
2023-08-21 06:10:39,772 [WARN] PackLoader:240 - Cannot read IP mode file for STMicroelectronics.X-CUBE-BLE1.7.0.0
2023-08-21 06:10:39,793 [WARN] PackLoader:240 - Cannot read IP mode file for emotas.I-CUBE-CANOPEN.1.3.0
2023-08-21 06:10:39,818 [WARN] PackLoader:240 - Cannot read IP mode file for STMicroelectronics.X-CUBE-TOUCHGFX.4.22.0
2023-08-21 06:10:39,849 [INFO] LogOutputStream:77 - [STDOUT_REDIRECT] 1 : Invalid condition id : UX_CORESTACK_Condition cause : null
2023-08-21 06:10:39,850 [INFO] LogOutputStream:77 - [STDOUT_REDIRECT] 1 : Invalid condition id : UX_CORESTACK_Condition cause : null
2023-08-21 06:10:39,852 [INFO] LogOutputStream:77 - [STDOUT_REDIRECT] 1 : Invalid condition id : UX_CORESTACK_Condition cause : null
2023-08-21 06:10:39,853 [INFO] LogOutputStream:77 - [STDOUT_REDIRECT] 1 : Invalid condition id : UX_CORESTACK_Condition cause : null
2023-08-21 06:10:39,855 [INFO] LogOutputStream:77 - [STDOUT_REDIRECT] 1 : Invalid condition id : UX_CORESTACK_Condition cause : null
2023-08-21 06:10:39,861 [WARN] PackLoader:240 - Cannot read IP mode file for STMicroelectronics.X-CUBE-AZRTOS-WL.2.0.0
2023-08-21 06:10:39,887 [WARN] PackLoader:240 - Cannot read IP mode file for WES.I-CUBE-Cesium.1.3.0
2023-08-21 06:10:39,908 [WARN] PackLoader:240 - Cannot read IP mode file for STMicroelectronics.X-CUBE-BLE2.3.3.0
2023-08-21 06:10:39,929 [WARN] PackLoader:240 - Cannot read IP mode file for STMicroelectronics.X-CUBE-ALGOBUILD.1.3.0
2023-08-21 06:10:39,969 [WARN] PackLoader:240 - Cannot read IP mode file for STMicroelectronics.X-CUBE-AZRTOS-G0.1.1.0
2023-08-21 06:10:39,991 [WARN] PackLoader:240 - Cannot read IP mode file for STMicroelectronics.X-CUBE-NFC4.3.0.0
2023-08-21 06:10:40,007 [WARN] PackLoader:240 - Cannot read IP mode file for STMicroelectronics.FP-ATR-SIGFOX1.3.2.0
2023-08-21 06:10:40,054 [WARN] PackLoader:240 - Cannot read IP mode file for SEGGER.I-CUBE-embOS.1.3.1
2023-08-21 06:10:40,116 [WARN] PackLoader:240 - Cannot read IP mode file for STMicroelectronics.X-CUBE-GNSS1.6.0.0
2023-08-21 06:10:40,153 [WARN] PackLoader:240 - Cannot read IP mode file for STMicroelectronics.X-CUBE-AZRTOS-F4.1.1.0
2023-08-21 06:10:40,177 [WARN] PackLoader:240 - Cannot read IP mode file for wolfSSL.I-CUBE-wolfSSL.5.6.3
2023-08-21 06:10:40,215 [WARN] PackLoader:240 - Cannot read IP mode file for STMicroelectronics.X-CUBE-AZRTOS-L5.2.0.0
2023-08-21 06:10:40,285 [WARN] PackLoader:240 - Cannot read IP mode file for STMicroelectronics.X-CUBE-MEMS1.9.6.0
2023-08-21 06:10:40,479 [WARN] PackLoader:240 - Cannot read IP mode file for STMicroelectronics.X-CUBE-BLEMGR.2.0.0
2023-08-21 06:10:40,543 [WARN] ConditionMgr:438 - getConditionDescription Invalid condition id : UX DEVICE CLASS RTOS Condition cause : null
2023-08-21 06:10:40,544 [WARN] ConditionMgr:438 - getConditionDescription Invalid condition id : UX DEVICE CLASS RTOS Condition cause : null
2023-08-21 06:10:40,547 [WARN] PackLoader:240 - Cannot read IP mode file for STMicroelectronics.X-CUBE-AZRTOS-H7.3.1.0
2023-08-21 06:10:40,548 [WARN] ConditionMgr:1039 - genDependencies : Invalid condition id : UX DEVICE CLASS RTOS Condition cause : null
2023-08-21 06:10:40,549 [WARN] ConditionMgr:1039 - genDependencies : Invalid condition id : UX DEVICE CLASS RTOS Condition cause : null
2023-08-21 06:10:40,550 [WARN] ConditionMgr:1039 - genDependencies : Invalid condition id : UX DEVICE CLASS RTOS Condition cause : null
2023-08-21 06:10:40,550 [WARN] ConditionMgr:1039 - genDependencies : Invalid condition id : UX DEVICE CLASS RTOS Condition cause : null
2023-08-21 06:10:40,550 [WARN] ConditionMgr:1039 - genDependencies : Invalid condition id : UX DEVICE CLASS RTOS Condition cause : null
2023-08-21 06:10:40,564 [WARN] PackLoader:240 - Cannot read IP mode file for STMicroelectronics.X-CUBE-NFC7.1.0.1
2023-08-21 06:10:40,567 [INFO] WebApp:157 - Instantiating new browser for Auth
2023-08-21 06:10:40,577 [WARN] PackLoader:240 - Cannot read IP mode file for STMicroelectronics.X-CUBE-EEPRMA1.4.1.0
2023-08-21 06:10:40,601 [WARN] PackLoader:240 - Cannot read IP mode file for STMicroelectronics.X-CUBE-AI.8.1.0
2023-08-21 06:10:40,631 [WARN] ConditionMgr:438 - getConditionDescription Invalid condition id : LAN8742 Phy interface Condition cause : null
2023-08-21 06:10:40,632 [WARN] PackLoader:240 - Cannot read IP mode file for STMicroelectronics.X-CUBE-AZRTOS-L4.2.0.0
2023-08-21 06:10:40,633 [WARN] ConditionMgr:1039 - genDependencies : Invalid condition id : LAN8742 Phy interface Condition cause : null
2023-08-21 06:10:40,634 [WARN] ConditionMgr:1039 - genDependencies : Invalid condition id : LAN8742 Phy interface Condition cause : null
2023-08-21 06:10:40,635 [WARN] ConditionMgr:1039 - genDependencies : Invalid condition id : LAN8742 Phy interface Condition cause : null
2023-08-21 06:10:40,651 [WARN] PackLoader:240 - Cannot read IP mode file for STMicroelectronics.X-CUBE-SFXS2LP1.4.0.0
2023-08-21 06:10:40,665 [WARN] PackLoader:240 - Cannot read IP mode file for STMicroelectronics.X-CUBE-ISPU.1.1.0
2023-08-21 06:10:40,683 [WARN] ConditionMgr:438 - getConditionDescription Invalid condition id : UX DEVICE CLASS RTOS Condition cause : null
2023-08-21 06:10:40,684 [WARN] ConditionMgr:438 - getConditionDescription Invalid condition id : UX DEVICE CLASS RTOS Condition cause : null
2023-08-21 06:10:40,685 [WARN] PackLoader:240 - Cannot read IP mode file for STMicroelectronics.X-CUBE-AZRTOS-WB.2.0.0
2023-08-21 06:10:40,685 [WARN] ConditionMgr:1039 - genDependencies : Invalid condition id : UX DEVICE CLASS RTOS Condition cause : null
2023-08-21 06:10:40,686 [WARN] ConditionMgr:1039 - genDependencies : Invalid condition id : UX DEVICE CLASS RTOS Condition cause : null
2023-08-21 06:10:40,686 [WARN] ConditionMgr:1039 - genDependencies : Invalid condition id : UX DEVICE CLASS RTOS Condition cause : null
2023-08-21 06:10:40,686 [WARN] ConditionMgr:1039 - genDependencies : Invalid condition id : UX DEVICE CLASS RTOS Condition cause : null
2023-08-21 06:10:40,686 [WARN] ConditionMgr:1039 - genDependencies : Invalid condition id : UX DEVICE CLASS RTOS Condition cause : null
2023-08-21 06:10:40,700 [WARN] PackLoader:240 - Cannot read IP mode file for STMicroelectronics.X-CUBE-FREERTOS.1.0.1
2023-08-21 06:10:40,717 [WARN] PackLoader:240 - Cannot read IP mode file for STMicroelectronics.X-CUBE-SUBG2.5.0.0
2023-08-21 06:10:40,741 [WARN] PackLoader:240 - Cannot read IP mode file for STMicroelectronics.X-CUBE-TOF1.3.3.1
2023-08-21 06:10:40,776 [WARN] PackLoader:240 - Cannot read IP mode file for STMicroelectronics.X-CUBE-AZRTOS-G4.2.0.0
2023-08-21 06:10:40,796 [WARN] PackLoader:240 - Cannot read IP mode file for portGmbH.I-Cube-SoM-uGOAL.1.1.0
2023-08-21 06:10:40,813 [WARN] PackLoader:240 - Cannot read IP mode file for STMicroelectronics.X-CUBE-ALS.1.0.1
2023-08-21 06:10:40,831 [WARN] PackLoader:240 - Cannot read IP mode file for STMicroelectronics.FP-ATR-ASTRA1.2.0.0
2023-08-21 06:10:40,833 [INFO] ThirdParty:978 - Integrity check success = true
2023-08-21 06:10:40,833 [INFO] IntegrityCheckThread:100 - exiting critical section [integrity check]
2023-08-21 06:10:40,833 [INFO] IntegrityCheckThread:103 - End integrity checks thread
2023-08-21 06:10:41,225 [INFO] WebApp:753 - Register for checkConnection events
2023-08-21 06:10:41,226 [INFO] WebApp:390 - Apply proxy settings
2023-08-21 06:10:41,226 [INFO] WebApp:475 - Chromium requires no authentication
2023-08-21 06:10:41,232 [INFO] WebApp:418 - Direct internet connection detected
2023-08-21 06:10:41,416 [INFO] WebApp:188 - Starting web application
2023-08-21 06:10:41,416 [INFO] WebApp:520 - Web application path used C:\ST\STM32CubeIDE_1.13.1\STM32CubeIDE\plugins\com.st.stm32cube.common.mx_6.9.1.202307191849\db\plugins\mcufinder\reactClient1\index.html
2023-08-21 06:11:02,260 [ERROR] LogOutputStream:75 - [STDERR_REDIRECT] SLF4J: Failed to load class "org.slf4j.impl.StaticLoggerBinder".
2023-08-21 06:11:02,260 [ERROR] LogOutputStream:75 - [STDERR_REDIRECT] SLF4J: Defaulting to no-operation (NOP) logger implementation
2023-08-21 06:11:02,261 [ERROR] LogOutputStream:75 - [STDERR_REDIRECT] SLF4J: See http://www.slf4j.org/codes.html#StaticLoggerBinder for further details.
